2024-10-01 19:05:17,828 - INFO - 
[36m* * * Recipe Crawler Launching * * *[0m
2024-10-01 19:05:17,829 - INFO - [32m> Starting the hunt for tasty new recipes[0m
2024-10-01 19:05:17,829 - INFO - [33m> Crawler is now processing. This might take a while.[0m
2024-10-01 19:05:17,829 - INFO - [33m> Duration depends on the number of pages to analyze.[0m
2024-10-01 19:05:17,886 - INFO - MySQL Database connection successfully
2024-10-01 19:05:17,895 - INFO - 5693 recipes have been loaded from the database.
2024-10-01 19:05:17,896 - INFO - Scraping the following page https://www.kochbar.de/rezepte/alle-rezepte.html
2024-10-01 19:05:17,896 - INFO - Scraping page number 1 of 29850
2024-10-01 19:05:18,068 - INFO - Scraping page number 2 of 29850
2024-10-01 19:05:18,213 - INFO - Scraping page number 3 of 29850
2024-10-01 19:05:18,375 - INFO - Scraping page number 4 of 29850
2024-10-01 19:05:18,505 - INFO - Scraping page number 5 of 29850
2024-10-01 19:05:18,640 - INFO - Scraping page number 6 of 29850
2024-10-01 19:05:18,785 - INFO - Scraping page number 7 of 29850
2024-10-01 19:05:18,939 - INFO - Scraping page number 8 of 29850
2024-10-01 19:05:19,081 - INFO - Scraping page number 9 of 29850
2024-10-01 19:05:19,244 - INFO - Scraping page number 10 of 29850
2024-10-01 19:05:19,403 - INFO - Scraping page number 11 of 29850
2024-10-01 19:05:19,544 - INFO - Scraping page number 12 of 29850
2024-10-01 19:05:19,691 - INFO - Scraping page number 13 of 29850
2024-10-01 19:05:19,823 - INFO - Scraping page number 14 of 29850
2024-10-01 19:05:19,966 - INFO - Scraping page number 15 of 29850
2024-10-01 19:05:20,111 - INFO - Scraping page number 16 of 29850
2024-10-01 19:05:20,251 - INFO - Scraping page number 17 of 29850
2024-10-01 19:05:20,407 - INFO - Scraping page number 18 of 29850
2024-10-01 19:05:21,504 - INFO - Scraping page number 19 of 29850
2024-10-01 19:05:21,647 - INFO - Scraping page number 20 of 29850
2024-10-01 19:05:21,800 - INFO - Scraping page number 21 of 29850
2024-10-01 19:05:21,937 - INFO - Scraping page number 22 of 29850
2024-10-01 19:05:22,081 - INFO - Scraping page number 23 of 29850
2024-10-01 19:05:22,219 - INFO - Scraping page number 24 of 29850
2024-10-01 19:05:22,403 - INFO - Scraping page number 25 of 29850
2024-10-01 19:05:22,550 - INFO - Scraping page number 26 of 29850
2024-10-01 19:05:22,703 - INFO - Scraping page number 27 of 29850
2024-10-01 19:05:22,849 - INFO - Scraping page number 28 of 29850
2024-10-01 19:05:22,994 - INFO - Scraping page number 29 of 29850
2024-10-01 19:05:23,137 - INFO - Scraping page number 30 of 29850
2024-10-01 19:05:23,283 - INFO - Scraping page number 31 of 29850
2024-10-01 19:05:23,450 - INFO - Scraping page number 32 of 29850
2024-10-01 19:05:23,588 - INFO - Scraping page number 33 of 29850
2024-10-01 19:05:23,730 - INFO - Scraping page number 34 of 29850
2024-10-01 19:05:23,927 - INFO - Scraping page number 35 of 29850
2024-10-01 19:05:24,075 - INFO - Scraping page number 36 of 29850
2024-10-01 19:05:24,233 - INFO - Scraping page number 37 of 29850
2024-10-01 19:05:24,369 - INFO - Scraping page number 38 of 29850
2024-10-01 19:05:24,524 - INFO - Scraping page number 39 of 29850
2024-10-01 19:05:24,670 - INFO - Scraping page number 40 of 29850
2024-10-01 19:05:24,836 - INFO - Scraping page number 41 of 29850
2024-10-01 19:05:24,972 - INFO - Scraping page number 42 of 29850
2024-10-01 19:05:25,113 - INFO - Scraping page number 43 of 29850
2024-10-01 19:05:25,270 - INFO - Scraping page number 44 of 29850
2024-10-01 19:05:25,404 - INFO - Scraping page number 45 of 29850
2024-10-01 19:05:25,585 - INFO - Scraping page number 46 of 29850
2024-10-01 19:05:25,753 - INFO - Scraping page number 47 of 29850
2024-10-01 19:05:25,888 - INFO - Scraping page number 48 of 29850
2024-10-01 19:05:26,030 - INFO - Scraping page number 49 of 29850
2024-10-01 19:05:26,169 - INFO - Scraping page number 50 of 29850
2024-10-01 19:05:26,314 - INFO - Scraping page number 51 of 29850
2024-10-01 19:05:26,477 - INFO - Scraping page number 52 of 29850
2024-10-01 19:05:26,641 - INFO - Scraping page number 53 of 29850
2024-10-01 19:05:26,790 - INFO - Scraping page number 54 of 29850
2024-10-01 19:05:26,942 - INFO - Scraping page number 55 of 29850
2024-10-01 19:05:27,081 - INFO - Scraping page number 56 of 29850
2024-10-01 19:05:27,207 - INFO - Scraping page number 57 of 29850
2024-10-01 19:05:27,344 - INFO - Scraping page number 58 of 29850
2024-10-01 19:05:27,485 - INFO - Scraping page number 59 of 29850
2024-10-01 19:05:27,627 - INFO - Scraping page number 60 of 29850
2024-10-01 19:05:27,766 - INFO - Scraping page number 61 of 29850
2024-10-01 19:05:27,899 - INFO - Scraping page number 62 of 29850
2024-10-01 19:05:28,040 - INFO - Scraping page number 63 of 29850
2024-10-01 19:05:28,186 - INFO - Scraping page number 64 of 29850
2024-10-01 19:05:28,307 - INFO - Scraping page number 65 of 29850
2024-10-01 19:05:28,452 - INFO - Scraping page number 66 of 29850
2024-10-01 19:05:28,599 - INFO - Scraping page number 67 of 29850
2024-10-01 19:05:28,760 - INFO - Scraping page number 68 of 29850
2024-10-01 19:05:28,901 - INFO - Scraping page number 69 of 29850
2024-10-01 19:05:29,039 - INFO - Scraping page number 70 of 29850
2024-10-01 19:05:29,183 - INFO - Scraping page number 71 of 29850
2024-10-01 19:05:29,327 - INFO - Scraping page number 72 of 29850
2024-10-01 19:05:29,462 - INFO - Scraping page number 73 of 29850
2024-10-01 19:05:29,597 - INFO - Scraping page number 74 of 29850
2024-10-01 19:05:29,763 - INFO - Scraping page number 75 of 29850
2024-10-01 19:05:29,923 - INFO - Scraping page number 76 of 29850
2024-10-01 19:05:30,071 - INFO - Scraping page number 77 of 29850
2024-10-01 19:05:30,210 - INFO - Scraping page number 78 of 29850
2024-10-01 19:05:30,348 - INFO - Scraping page number 79 of 29850
2024-10-01 19:05:30,488 - INFO - Scraping page number 80 of 29850
2024-10-01 19:05:30,626 - INFO - Scraping page number 81 of 29850
2024-10-01 19:05:30,792 - INFO - Scraping page number 82 of 29850
2024-10-01 19:05:30,936 - INFO - Scraping page number 83 of 29850
2024-10-01 19:05:31,077 - INFO - Scraping page number 84 of 29850
2024-10-01 19:05:31,218 - INFO - Scraping page number 85 of 29850
2024-10-01 19:05:31,358 - INFO - Scraping page number 86 of 29850
2024-10-01 19:05:31,497 - INFO - Scraping page number 87 of 29850
2024-10-01 19:05:31,640 - INFO - Scraping page number 88 of 29850
2024-10-01 19:05:31,812 - INFO - Scraping page number 89 of 29850
2024-10-01 19:05:31,958 - INFO - Scraping page number 90 of 29850
2024-10-01 19:05:32,114 - INFO - Scraping page number 91 of 29850
2024-10-01 19:05:32,271 - INFO - Scraping page number 92 of 29850
2024-10-01 19:05:32,414 - INFO - Scraping page number 93 of 29850
2024-10-01 19:05:32,554 - INFO - Scraping page number 94 of 29850
2024-10-01 19:05:32,691 - INFO - Scraping page number 95 of 29850
2024-10-01 19:05:32,855 - INFO - Scraping page number 96 of 29850
2024-10-01 19:05:32,998 - INFO - Scraping page number 97 of 29850
2024-10-01 19:05:33,139 - INFO - Scraping page number 98 of 29850
2024-10-01 19:05:33,287 - INFO - Scraping page number 99 of 29850
2024-10-01 19:05:33,439 - INFO - Scraping page number 100 of 29850
2024-10-01 19:05:33,685 - INFO - Scraping page number 101 of 29850
2024-10-01 19:05:33,823 - INFO - Scraping page number 102 of 29850
2024-10-01 19:05:34,004 - INFO - Scraping page number 103 of 29850
2024-10-01 19:05:34,148 - INFO - Scraping page number 104 of 29850
2024-10-01 19:05:34,288 - INFO - Scraping page number 105 of 29850
2024-10-01 19:05:34,429 - INFO - Scraping page number 106 of 29850
2024-10-01 19:05:34,573 - INFO - Scraping page number 107 of 29850
2024-10-01 19:05:34,714 - INFO - Scraping page number 108 of 29850
2024-10-01 19:05:34,853 - INFO - Scraping page number 109 of 29850
2024-10-01 19:05:35,007 - INFO - Scraping page number 110 of 29850
2024-10-01 19:05:35,148 - INFO - Scraping page number 111 of 29850
2024-10-01 19:05:35,292 - INFO - Scraping page number 112 of 29850
2024-10-01 19:05:35,425 - INFO - Scraping page number 113 of 29850
2024-10-01 19:05:35,570 - INFO - Scraping page number 114 of 29850
2024-10-01 19:05:35,707 - INFO - Scraping page number 115 of 29850
2024-10-01 19:05:35,834 - INFO - Scraping page number 116 of 29850
2024-10-01 19:05:35,985 - INFO - Scraping page number 117 of 29850
2024-10-01 19:05:36,132 - INFO - Scraping page number 118 of 29850
2024-10-01 19:05:36,277 - INFO - Scraping page number 119 of 29850
2024-10-01 19:05:36,424 - INFO - Scraping page number 120 of 29850
2024-10-01 19:05:36,560 - INFO - Scraping page number 121 of 29850
2024-10-01 19:05:36,702 - INFO - Scraping page number 122 of 29850
2024-10-01 19:05:36,840 - INFO - Scraping page number 123 of 29850
2024-10-01 19:05:36,998 - INFO - Scraping page number 124 of 29850
2024-10-01 19:05:37,142 - INFO - Scraping page number 125 of 29850
2024-10-01 19:05:37,280 - INFO - Scraping page number 126 of 29850
2024-10-01 19:05:37,418 - INFO - Scraping page number 127 of 29850
2024-10-01 19:05:37,562 - INFO - Scraping page number 128 of 29850
2024-10-01 19:05:37,699 - INFO - Scraping page number 129 of 29850
2024-10-01 19:05:37,845 - INFO - Scraping page number 130 of 29850
2024-10-01 19:05:38,004 - INFO - Scraping page number 131 of 29850
2024-10-01 19:05:38,151 - INFO - Scraping page number 132 of 29850
2024-10-01 19:05:38,299 - INFO - Scraping page number 133 of 29850
2024-10-01 19:05:38,441 - INFO - Scraping page number 134 of 29850
2024-10-01 19:05:38,584 - INFO - Scraping page number 135 of 29850
2024-10-01 19:05:38,734 - INFO - Scraping page number 136 of 29850
2024-10-01 19:05:38,883 - INFO - Scraping page number 137 of 29850
2024-10-01 19:05:39,068 - INFO - Scraping page number 138 of 29850
2024-10-01 19:05:39,206 - INFO - Scraping page number 139 of 29850
2024-10-01 19:05:39,341 - INFO - Scraping page number 140 of 29850
2024-10-01 19:05:39,488 - INFO - Scraping page number 141 of 29850
2024-10-01 19:05:39,625 - INFO - Scraping page number 142 of 29850
2024-10-01 19:05:39,773 - INFO - Scraping page number 143 of 29850
2024-10-01 19:05:39,925 - INFO - Scraping page number 144 of 29850
2024-10-01 19:05:40,058 - INFO - Scraping page number 145 of 29850
2024-10-01 19:05:40,237 - INFO - Scraping page number 146 of 29850
2024-10-01 19:05:40,370 - INFO - Scraping page number 147 of 29850
2024-10-01 19:05:40,524 - INFO - Scraping page number 148 of 29850
2024-10-01 19:05:40,673 - INFO - Scraping page number 149 of 29850
2024-10-01 19:05:40,816 - INFO - Scraping page number 150 of 29850
2024-10-01 19:05:40,957 - INFO - Scraping page number 151 of 29850
2024-10-01 19:05:41,095 - INFO - Scraping page number 152 of 29850
2024-10-01 19:05:41,258 - INFO - Scraping page number 153 of 29850
2024-10-01 19:05:41,393 - INFO - Scraping page number 154 of 29850
2024-10-01 19:05:41,535 - INFO - Scraping page number 155 of 29850
2024-10-01 19:05:41,676 - INFO - Scraping page number 156 of 29850
2024-10-01 19:05:41,816 - INFO - Scraping page number 157 of 29850
2024-10-01 19:05:41,976 - INFO - Scraping page number 158 of 29850
2024-10-01 19:05:42,129 - INFO - Scraping page number 159 of 29850
2024-10-01 19:05:42,309 - INFO - Scraping page number 160 of 29850
2024-10-01 19:05:42,451 - INFO - Scraping page number 161 of 29850
2024-10-01 19:05:42,594 - INFO - Scraping page number 162 of 29850
2024-10-01 19:05:42,734 - INFO - Scraping page number 163 of 29850
2024-10-01 19:05:42,879 - INFO - Scraping page number 164 of 29850
2024-10-01 19:05:43,027 - INFO - Scraping page number 165 of 29850
2024-10-01 19:05:43,170 - INFO - Scraping page number 166 of 29850
2024-10-01 19:05:43,338 - INFO - Scraping page number 167 of 29850
2024-10-01 19:05:43,489 - INFO - Scraping page number 168 of 29850
2024-10-01 19:05:43,626 - INFO - Scraping page number 169 of 29850
2024-10-01 19:05:43,781 - INFO - Scraping page number 170 of 29850
2024-10-01 19:05:43,930 - INFO - Scraping page number 171 of 29850
2024-10-01 19:05:44,084 - INFO - Scraping page number 172 of 29850
2024-10-01 19:05:44,216 - INFO - Scraping page number 173 of 29850
2024-10-01 19:05:44,394 - INFO - Scraping page number 174 of 29850
2024-10-01 19:05:44,526 - INFO - Scraping page number 175 of 29850
2024-10-01 19:05:44,685 - INFO - Scraping page number 176 of 29850
2024-10-01 19:05:44,836 - INFO - Scraping page number 177 of 29850
2024-10-01 19:05:45,004 - INFO - Scraping page number 178 of 29850
2024-10-01 19:05:45,183 - INFO - Scraping page number 179 of 29850
2024-10-01 19:05:45,335 - INFO - Scraping page number 180 of 29850
2024-10-01 19:05:45,501 - INFO - Scraping page number 181 of 29850
2024-10-01 19:05:45,640 - INFO - Scraping page number 182 of 29850
2024-10-01 19:05:45,798 - INFO - Scraping page number 183 of 29850
2024-10-01 19:05:45,949 - INFO - Scraping page number 184 of 29850
2024-10-01 19:05:46,084 - INFO - Scraping page number 185 of 29850
2024-10-01 19:05:46,287 - INFO - Scraping page number 186 of 29850
2024-10-01 19:05:46,492 - INFO - Scraping page number 187 of 29850
2024-10-01 19:05:46,726 - INFO - Scraping page number 188 of 29850
2024-10-01 19:05:46,997 - INFO - Scraping page number 189 of 29850
2024-10-01 19:05:47,251 - INFO - Scraping page number 190 of 29850
2024-10-01 19:05:47,473 - INFO - Scraping page number 191 of 29850
2024-10-01 19:05:47,745 - INFO - Scraping page number 192 of 29850
2024-10-01 19:05:48,015 - INFO - Scraping page number 193 of 29850
2024-10-01 19:05:48,193 - INFO - Scraping page number 194 of 29850
2024-10-01 19:05:48,446 - INFO - Scraping page number 195 of 29850
2024-10-01 19:05:48,757 - INFO - Scraping page number 196 of 29850
2024-10-01 19:05:48,993 - INFO - Scraping page number 197 of 29850
2024-10-01 19:05:49,171 - INFO - Scraping page number 198 of 29850
2024-10-01 19:05:49,325 - INFO - Scraping page number 199 of 29850
2024-10-01 19:05:49,580 - INFO - Scraping page number 200 of 29850
2024-10-01 19:05:49,792 - INFO - Scraping page number 201 of 29850
2024-10-01 19:05:50,024 - INFO - Scraping page number 202 of 29850
2024-10-01 19:05:50,286 - INFO - Scraping page number 203 of 29850
2024-10-01 19:05:50,498 - INFO - Scraping page number 204 of 29850
2024-10-01 19:05:50,680 - INFO - Scraping page number 205 of 29850
2024-10-01 19:05:50,944 - INFO - Scraping page number 206 of 29850
2024-10-01 19:05:51,169 - INFO - Scraping page number 207 of 29850
2024-10-01 19:05:51,307 - INFO - Scraping page number 208 of 29850
2024-10-01 19:05:51,444 - INFO - Scraping page number 209 of 29850
2024-10-01 19:05:51,629 - INFO - Scraping page number 210 of 29850
2024-10-01 19:05:51,777 - INFO - Scraping page number 211 of 29850
2024-10-01 19:05:51,912 - INFO - Scraping page number 212 of 29850
2024-10-01 19:05:52,053 - INFO - Scraping page number 213 of 29850
2024-10-01 19:05:52,195 - INFO - Scraping page number 214 of 29850
2024-10-01 19:05:52,351 - INFO - Scraping page number 215 of 29850
2024-10-01 19:05:52,500 - INFO - Scraping page number 216 of 29850
2024-10-01 19:05:52,661 - INFO - Scraping page number 217 of 29850
2024-10-01 19:05:52,794 - INFO - Scraping page number 218 of 29850
2024-10-01 19:05:52,912 - ERROR - Execution was terminated by user.
2024-10-01 19:05:58,023 - INFO - MySQL database connection has closed!
2024-10-01 19:05:58,024 - INFO - Number of new recipes found: 0
2024-10-01 19:05:58,024 - INFO - Runtime of the crawler: 40 seconds
2024-10-01 19:06:56,042 - INFO - MySQL Database connection successfully
2024-10-01 19:06:56,050 - INFO - 5693 recipes have been loaded from the database.
2024-10-01 19:06:56,052 - INFO - Scraping the following page https://www.kochbar.de/rezepte/alle-rezepte.html
2024-10-01 19:06:56,052 - INFO - Scraping page number 1 of 29850
2024-10-01 19:06:56,309 - INFO - Scraping page number 2 of 29850
2024-10-01 19:06:56,569 - INFO - Scraping page number 3 of 29850
2024-10-01 19:06:56,788 - INFO - Scraping page number 4 of 29850
2024-10-01 19:06:57,050 - INFO - Scraping page number 5 of 29850
2024-10-01 19:06:57,235 - INFO - Scraping page number 6 of 29850
2024-10-01 19:06:57,457 - INFO - Scraping page number 7 of 29850
2024-10-01 19:06:57,720 - INFO - Scraping page number 8 of 29850
2024-10-01 19:06:57,939 - INFO - Scraping page number 9 of 29850
2024-10-01 19:06:58,109 - INFO - Scraping page number 10 of 29850
2024-10-01 19:06:58,334 - INFO - Scraping page number 11 of 29850
2024-10-01 19:06:58,597 - INFO - Scraping page number 12 of 29850
2024-10-01 19:06:58,810 - INFO - Scraping page number 13 of 29850
2024-10-01 19:06:59,024 - INFO - Scraping page number 14 of 29850
2024-10-01 19:06:59,232 - INFO - Scraping page number 15 of 29850
2024-10-01 19:06:59,375 - INFO - Scraping page number 16 of 29850
2024-10-01 19:06:59,547 - INFO - Scraping page number 17 of 29850
2024-10-01 19:06:59,792 - INFO - Scraping page number 18 of 29850
2024-10-01 19:07:00,054 - INFO - Scraping page number 19 of 29850
2024-10-01 19:07:00,265 - INFO - Scraping page number 20 of 29850
2024-10-01 19:07:00,428 - INFO - Scraping page number 21 of 29850
2024-10-01 19:07:00,572 - INFO - Scraping page number 22 of 29850
2024-10-01 19:07:00,713 - INFO - Scraping page number 23 of 29850
2024-10-01 19:07:00,874 - INFO - Scraping page number 24 of 29850
2024-10-01 19:07:01,052 - INFO - Scraping page number 25 of 29850
2024-10-01 19:07:01,202 - INFO - Scraping page number 26 of 29850
2024-10-01 19:07:01,358 - INFO - Scraping page number 27 of 29850
2024-10-01 19:07:01,507 - INFO - Scraping page number 28 of 29850
2024-10-01 19:07:01,635 - INFO - Scraping page number 29 of 29850
2024-10-01 19:07:01,793 - INFO - Scraping page number 30 of 29850
2024-10-01 19:07:01,943 - INFO - Scraping page number 31 of 29850
2024-10-01 19:07:02,108 - INFO - Scraping page number 32 of 29850
2024-10-01 19:07:02,256 - INFO - Scraping page number 33 of 29850
2024-10-01 19:07:02,416 - INFO - Scraping page number 34 of 29850
2024-10-01 19:07:02,579 - INFO - Scraping page number 35 of 29850
2024-10-01 19:07:02,725 - INFO - Scraping page number 36 of 29850
2024-10-01 19:07:02,890 - INFO - Scraping page number 37 of 29850
2024-10-01 19:07:03,023 - INFO - Scraping page number 38 of 29850
2024-10-01 19:07:03,208 - INFO - Scraping page number 39 of 29850
2024-10-01 19:07:03,358 - INFO - Scraping page number 40 of 29850
2024-10-01 19:07:03,505 - INFO - Scraping page number 41 of 29850
2024-10-01 19:07:03,653 - INFO - Scraping page number 42 of 29850
2024-10-01 19:07:03,808 - INFO - Scraping page number 43 of 29850
2024-10-01 19:07:03,957 - INFO - Scraping page number 44 of 29850
2024-10-01 19:07:04,095 - INFO - Scraping page number 45 of 29850
2024-10-01 19:07:04,266 - INFO - Scraping page number 46 of 29850
2024-10-01 19:07:04,415 - INFO - Scraping page number 47 of 29850
2024-10-01 19:07:04,551 - INFO - Scraping page number 48 of 29850
2024-10-01 19:07:04,696 - INFO - Scraping page number 49 of 29850
2024-10-01 19:07:04,834 - INFO - Scraping page number 50 of 29850
2024-10-01 19:07:04,960 - INFO - Scraping page number 51 of 29850
2024-10-01 19:07:05,102 - INFO - Scraping page number 52 of 29850
2024-10-01 19:07:05,277 - INFO - Scraping page number 53 of 29850
2024-10-01 19:07:05,431 - INFO - Scraping page number 54 of 29850
2024-10-01 19:07:05,579 - INFO - Scraping page number 55 of 29850
2024-10-01 19:07:05,722 - INFO - Scraping page number 56 of 29850
2024-10-01 19:07:05,863 - INFO - Scraping page number 57 of 29850
2024-10-01 19:07:06,000 - INFO - Scraping page number 58 of 29850
2024-10-01 19:07:06,129 - INFO - Scraping page number 59 of 29850
2024-10-01 19:07:06,284 - INFO - Scraping page number 60 of 29850
2024-10-01 19:07:06,412 - INFO - Scraping page number 61 of 29850
2024-10-01 19:07:06,557 - INFO - Scraping page number 62 of 29850
2024-10-01 19:07:06,696 - INFO - Scraping page number 63 of 29850
2024-10-01 19:07:06,833 - INFO - Scraping page number 64 of 29850
2024-10-01 19:07:06,985 - INFO - Scraping page number 65 of 29850
2024-10-01 19:07:07,129 - INFO - Scraping page number 66 of 29850
2024-10-01 19:07:07,293 - INFO - Scraping page number 67 of 29850
2024-10-01 19:07:07,436 - INFO - Scraping page number 68 of 29850
2024-10-01 19:07:07,563 - INFO - Scraping page number 69 of 29850
2024-10-01 19:07:07,703 - INFO - Scraping page number 70 of 29850
2024-10-01 19:07:07,844 - INFO - Scraping page number 71 of 29850
2024-10-01 19:07:07,984 - INFO - Scraping page number 72 of 29850
2024-10-01 19:07:08,116 - INFO - Scraping page number 73 of 29850
2024-10-01 19:07:08,260 - INFO - Scraping page number 74 of 29850
2024-10-01 19:07:08,427 - INFO - Scraping page number 75 of 29850
2024-10-01 19:07:08,583 - INFO - Scraping page number 76 of 29850
2024-10-01 19:07:08,732 - INFO - Scraping page number 77 of 29850
2024-10-01 19:07:08,874 - INFO - Scraping page number 78 of 29850
2024-10-01 19:07:09,009 - INFO - Scraping page number 79 of 29850
2024-10-01 19:07:09,157 - INFO - Scraping page number 80 of 29850
2024-10-01 19:07:09,312 - INFO - Scraping page number 81 of 29850
2024-10-01 19:07:09,486 - INFO - Scraping page number 82 of 29850
2024-10-01 19:07:09,639 - INFO - Scraping page number 83 of 29850
2024-10-01 19:07:09,789 - INFO - Scraping page number 84 of 29850
2024-10-01 19:07:09,958 - INFO - Scraping page number 85 of 29850
2024-10-01 19:07:10,113 - INFO - Scraping page number 86 of 29850
2024-10-01 19:07:10,281 - INFO - Scraping page number 87 of 29850
2024-10-01 19:07:10,422 - INFO - Scraping page number 88 of 29850
2024-10-01 19:07:10,587 - INFO - Scraping page number 89 of 29850
2024-10-01 19:07:10,742 - INFO - Scraping page number 90 of 29850
2024-10-01 19:07:10,880 - INFO - Scraping page number 91 of 29850
2024-10-01 19:07:11,024 - INFO - Scraping page number 92 of 29850
2024-10-01 19:07:11,182 - INFO - Scraping page number 93 of 29850
2024-10-01 19:07:11,333 - INFO - Scraping page number 94 of 29850
2024-10-01 19:07:11,481 - INFO - Scraping page number 95 of 29850
2024-10-01 19:07:11,649 - INFO - Scraping page number 96 of 29850
2024-10-01 19:07:11,792 - INFO - Scraping page number 97 of 29850
2024-10-01 19:07:11,933 - INFO - Scraping page number 98 of 29850
2024-10-01 19:07:12,078 - INFO - Scraping page number 99 of 29850
2024-10-01 19:07:12,219 - INFO - Scraping page number 100 of 29850
2024-10-01 19:07:12,342 - INFO - Scraping page number 101 of 29850
2024-10-01 19:07:12,491 - INFO - Scraping page number 102 of 29850
2024-10-01 19:07:12,659 - INFO - Scraping page number 103 of 29850
2024-10-01 19:07:12,804 - INFO - Scraping page number 104 of 29850
2024-10-01 19:07:12,942 - INFO - Scraping page number 105 of 29850
2024-10-01 19:07:13,097 - INFO - Scraping page number 106 of 29850
2024-10-01 19:07:13,241 - INFO - Scraping page number 107 of 29850
2024-10-01 19:07:13,394 - INFO - Scraping page number 108 of 29850
2024-10-01 19:07:13,549 - INFO - Scraping page number 109 of 29850
2024-10-01 19:07:13,726 - INFO - Scraping page number 110 of 29850
2024-10-01 19:07:13,873 - INFO - Scraping page number 111 of 29850
2024-10-01 19:07:14,026 - INFO - Scraping page number 112 of 29850
2024-10-01 19:07:14,173 - INFO - Scraping page number 113 of 29850
2024-10-01 19:07:14,302 - INFO - Scraping page number 114 of 29850
2024-10-01 19:07:14,457 - INFO - Scraping page number 115 of 29850
2024-10-01 19:07:14,597 - INFO - Scraping page number 116 of 29850
2024-10-01 19:07:14,754 - INFO - Scraping page number 117 of 29850
2024-10-01 19:07:14,877 - INFO - Scraping page number 118 of 29850
2024-10-01 19:07:15,018 - INFO - Scraping page number 119 of 29850
2024-10-01 19:07:15,157 - INFO - Scraping page number 120 of 29850
2024-10-01 19:07:15,312 - INFO - Scraping page number 121 of 29850
2024-10-01 19:07:15,452 - INFO - Scraping page number 122 of 29850
2024-10-01 19:07:15,595 - INFO - Scraping page number 123 of 29850
2024-10-01 19:07:15,744 - INFO - Scraping page number 124 of 29850
2024-10-01 19:07:15,896 - INFO - Scraping page number 125 of 29850
2024-10-01 19:07:16,041 - INFO - Scraping page number 126 of 29850
2024-10-01 19:07:16,184 - INFO - Scraping page number 127 of 29850
2024-10-01 19:07:16,323 - INFO - Scraping page number 128 of 29850
2024-10-01 19:07:16,590 - INFO - Scraping page number 129 of 29850
2024-10-01 19:07:16,764 - INFO - Scraping page number 130 of 29850
2024-10-01 19:07:16,997 - INFO - Scraping page number 131 of 29850
2024-10-01 19:07:17,153 - INFO - Scraping page number 132 of 29850
2024-10-01 19:07:17,281 - INFO - Scraping page number 133 of 29850
2024-10-01 19:07:17,432 - INFO - Scraping page number 134 of 29850
2024-10-01 19:07:17,578 - INFO - Scraping page number 135 of 29850
2024-10-01 19:07:17,727 - INFO - Scraping page number 136 of 29850
2024-10-01 19:07:17,876 - INFO - Scraping page number 137 of 29850
2024-10-01 19:07:18,080 - INFO - Scraping page number 138 of 29850
2024-10-01 19:07:18,246 - INFO - Scraping page number 139 of 29850
2024-10-01 19:07:18,382 - INFO - Scraping page number 140 of 29850
2024-10-01 19:07:18,455 - ERROR - Execution was terminated by user.
2024-10-01 19:07:23,671 - INFO - MySQL database connection has closed!
2024-10-01 19:07:23,671 - INFO - Number of new recipes found: 0
2024-10-01 19:07:23,671 - INFO - Runtime of the crawler: 27 seconds
